<?xml version="1.0" encoding="UTF-8"?>
<testng-results ignored="0" total="1" passed="1" failed="0" skipped="0">
  <reporter-output>
  </reporter-output>
  <suite started-at="2019-04-13T16:17:59Z" name="NewRoomTestSuite" finished-at="2019-04-13T16:18:20Z" duration-ms="20554">
    <groups>
    </groups>
    <test started-at="2019-04-13T16:17:59Z" name="NewRoomTest-CH" finished-at="2019-04-13T16:18:20Z" duration-ms="20554">
      <class name="com.otelz.newRoomTest.NewRoomTest">
        <test-method is-config="true" signature="setUp(java.lang.String, org.testng.ITestContext)[pri:0, instance:com.otelz.newRoomTest.NewRoomTest@192c3f1e]" started-at="2019-04-13T16:17:59Z" name="setUp" finished-at="2019-04-13T16:18:05Z" duration-ms="6085" status="PASS">
          <params>
            <param index="0">
              <value>
                <![CDATA[chrome]]>
              </value>
            </param>
            <param index="1">
              <value>
                <![CDATA[org.testng.TestRunner@5ace1ed4]]>
              </value>
            </param>
          </params>
          <reporter-output>
          </reporter-output>
        </test-method> <!-- setUp -->
        <test-method signature="newRoomTest()[pri:0, instance:com.otelz.newRoomTest.NewRoomTest@192c3f1e]" started-at="2019-04-13T16:18:05Z" name="newRoomTest" finished-at="2019-04-13T16:18:19Z" duration-ms="14253" status="PASS">
          <reporter-output>
          </reporter-output>
        </test-method> <!-- newRoomTest -->
        <test-method is-config="true" signature="tearDown()[pri:0, instance:com.otelz.newRoomTest.NewRoomTest@192c3f1e]" started-at="2019-04-13T16:18:19Z" name="tearDown" finished-at="2019-04-13T16:18:20Z" duration-ms="176" status="PASS">
          <reporter-output>
          </reporter-output>
        </test-method> <!-- tearDown -->
      </class> <!-- com.otelz.newRoomTest.NewRoomTest -->
    </test> <!-- NewRoomTest-CH -->
  </suite> <!-- NewRoomTestSuite -->
</testng-results>
